<?xml version="1.0" encoding="UTF-8"?>
<testng-results ignored="0" total="1" passed="1" failed="0" skipped="0">
  <reporter-output>
  </reporter-output>
  <suite started-at="2024-06-26T22:24:49 EDT" name="Default suite" finished-at="2024-06-26T22:24:53 EDT" duration-ms="3090">
    <groups>
    </groups>
    <test started-at="2024-06-26T22:24:49 EDT" name="Default test" finished-at="2024-06-26T22:24:53 EDT" duration-ms="3090">
      <class name="tests.GetAndPostExamples">
        <test-method signature="testPost()[pri:0, instance:tests.GetAndPostExamples@5a45133e]" started-at="2024-06-26T22:24:50 EDT" name="testPost" finished-at="2024-06-26T22:24:53 EDT" duration-ms="3021" status="PASS">
          <reporter-output>
          </reporter-output>
        </test-method> <!-- testPost -->
      </class> <!-- tests.GetAndPostExamples -->
    </test> <!-- Default test -->
  </suite> <!-- Default suite -->
</testng-results>
